<?xml version="1.0" encoding="UTF-8"?>
<testsuite xmlns:xsi="http://www.w3.org/2001/XMLSchema-instance" xsi:noNamespaceSchemaLocation="https://maven.apache.org/surefire/maven-surefire-plugin/xsd/surefire-test-report-3.0.xsd" version="3.0" name="TestSuite" time="22.84" tests="3" errors="0" skipped="0" failures="0">
  <properties>
    <property name="java.specification.version" value="19"/>
    <property name="webdriver.chrome.driver" value="/Users/nooral-quaiti/.cache/selenium/chromedriver/mac-arm64/106.0.5249.61/chromedriver"/>
    <property name="sun.jnu.encoding" value="UTF-8"/>
    <property name="java.class.path" value="/Users/nooral-quaiti/IdeaProjects/ToDoApplication/target/test-classes:/Users/nooral-quaiti/IdeaProjects/ToDoApplication/target/classes:/Users/nooral-quaiti/.m2/repository/org/seleniumhq/selenium/selenium-java/4.4.0/selenium-java-4.4.0.jar:/Users/nooral-quaiti/.m2/repository/org/seleniumhq/selenium/selenium-api/4.4.0/selenium-api-4.4.0.jar:/Users/nooral-quaiti/.m2/repository/org/seleniumhq/selenium/selenium-chrome-driver/4.4.0/selenium-chrome-driver-4.4.0.jar:/Users/nooral-quaiti/.m2/repository/com/google/auto/service/auto-service-annotations/1.0.1/auto-service-annotations-1.0.1.jar:/Users/nooral-quaiti/.m2/repository/com/google/auto/service/auto-service/1.0.1/auto-service-1.0.1.jar:/Users/nooral-quaiti/.m2/repository/com/google/auto/auto-common/1.2/auto-common-1.2.jar:/Users/nooral-quaiti/.m2/repository/com/google/guava/guava/31.1-jre/guava-31.1-jre.jar:/Users/nooral-quaiti/.m2/repository/com/google/guava/failureaccess/1.0.1/failureaccess-1.0.1.jar:/Users/nooral-quaiti/.m2/repository/com/google/guava/listenablefuture/9999.0-empty-to-avoid-conflict-with-guava/listenablefuture-9999.0-empty-to-avoid-conflict-with-guava.jar:/Users/nooral-quaiti/.m2/repository/org/checkerframework/checker-qual/3.12.0/checker-qual-3.12.0.jar:/Users/nooral-quaiti/.m2/repository/com/google/errorprone/error_prone_annotations/2.11.0/error_prone_annotations-2.11.0.jar:/Users/nooral-quaiti/.m2/repository/com/google/j2objc/j2objc-annotations/1.3/j2objc-annotations-1.3.jar:/Users/nooral-quaiti/.m2/repository/org/seleniumhq/selenium/selenium-chromium-driver/4.4.0/selenium-chromium-driver-4.4.0.jar:/Users/nooral-quaiti/.m2/repository/org/seleniumhq/selenium/selenium-json/4.4.0/selenium-json-4.4.0.jar:/Users/nooral-quaiti/.m2/repository/org/seleniumhq/selenium/selenium-devtools-v102/4.4.0/selenium-devtools-v102-4.4.0.jar:/Users/nooral-quaiti/.m2/repository/org/seleniumhq/selenium/selenium-devtools-v103/4.4.0/selenium-devtools-v103-4.4.0.jar:/Users/nooral-quaiti/.m2/repository/org/seleniumhq/selenium/selenium-devtools-v104/4.4.0/selenium-devtools-v104-4.4.0.jar:/Users/nooral-quaiti/.m2/repository/org/seleniumhq/selenium/selenium-devtools-v85/4.4.0/selenium-devtools-v85-4.4.0.jar:/Users/nooral-quaiti/.m2/repository/org/seleniumhq/selenium/selenium-edge-driver/4.4.0/selenium-edge-driver-4.4.0.jar:/Users/nooral-quaiti/.m2/repository/org/seleniumhq/selenium/selenium-firefox-driver/4.4.0/selenium-firefox-driver-4.4.0.jar:/Users/nooral-quaiti/.m2/repository/org/seleniumhq/selenium/selenium-ie-driver/4.4.0/selenium-ie-driver-4.4.0.jar:/Users/nooral-quaiti/.m2/repository/org/seleniumhq/selenium/selenium-opera-driver/4.4.0/selenium-opera-driver-4.4.0.jar:/Users/nooral-quaiti/.m2/repository/org/seleniumhq/selenium/selenium-remote-driver/4.4.0/selenium-remote-driver-4.4.0.jar:/Users/nooral-quaiti/.m2/repository/io/netty/netty-buffer/4.1.78.Final/netty-buffer-4.1.78.Final.jar:/Users/nooral-quaiti/.m2/repository/io/netty/netty-codec-http/4.1.78.Final/netty-codec-http-4.1.78.Final.jar:/Users/nooral-quaiti/.m2/repository/io/netty/netty-codec/4.1.78.Final/netty-codec-4.1.78.Final.jar:/Users/nooral-quaiti/.m2/repository/io/netty/netty-handler/4.1.78.Final/netty-handler-4.1.78.Final.jar:/Users/nooral-quaiti/.m2/repository/io/netty/netty-common/4.1.78.Final/netty-common-4.1.78.Final.jar:/Users/nooral-quaiti/.m2/repository/io/netty/netty-transport-classes-epoll/4.1.78.Final/netty-transport-classes-epoll-4.1.78.Final.jar:/Users/nooral-quaiti/.m2/repository/io/netty/netty-transport-classes-kqueue/4.1.78.Final/netty-transport-classes-kqueue-4.1.78.Final.jar:/Users/nooral-quaiti/.m2/repository/io/netty/netty-transport-native-epoll/4.1.78.Final/netty-transport-native-epoll-4.1.78.Final.jar:/Users/nooral-quaiti/.m2/repository/io/netty/netty-transport-native-kqueue/4.1.78.Final/netty-transport-native-kqueue-4.1.78.Final.jar:/Users/nooral-quaiti/.m2/repository/io/netty/netty-transport-native-unix-common/4.1.78.Final/netty-transport-native-unix-common-4.1.78.Final.jar:/Users/nooral-quaiti/.m2/repository/io/netty/netty-transport/4.1.78.Final/netty-transport-4.1.78.Final.jar:/Users/nooral-quaiti/.m2/repository/io/netty/netty-resolver/4.1.78.Final/netty-resolver-4.1.78.Final.jar:/Users/nooral-quaiti/.m2/repository/io/opentelemetry/opentelemetry-api/1.16.0/opentelemetry-api-1.16.0.jar:/Users/nooral-quaiti/.m2/repository/io/opentelemetry/opentelemetry-context/1.16.0/opentelemetry-context-1.16.0.jar:/Users/nooral-quaiti/.m2/repository/io/opentelemetry/opentelemetry-exporter-logging/1.16.0/opentelemetry-exporter-logging-1.16.0.jar:/Users/nooral-quaiti/.m2/repository/io/opentelemetry/opentelemetry-sdk-metrics/1.16.0/opentelemetry-sdk-metrics-1.16.0.jar:/Users/nooral-quaiti/.m2/repository/io/opentelemetry/opentelemetry-sdk-logs/1.16.0-alpha/opentelemetry-sdk-logs-1.16.0-alpha.jar:/Users/nooral-quaiti/.m2/repository/io/opentelemetry/opentelemetry-sdk-common/1.16.0/opentelemetry-sdk-common-1.16.0.jar:/Users/nooral-quaiti/.m2/repository/io/opentelemetry/opentelemetry-sdk-extension-autoconfigure-spi/1.16.0/opentelemetry-sdk-extension-autoconfigure-spi-1.16.0.jar:/Users/nooral-quaiti/.m2/repository/io/opentelemetry/opentelemetry-sdk-extension-autoconfigure/1.16.0-alpha/opentelemetry-sdk-extension-autoconfigure-1.16.0-alpha.jar:/Users/nooral-quaiti/.m2/repository/io/opentelemetry/opentelemetry-sdk-trace/1.16.0/opentelemetry-sdk-trace-1.16.0.jar:/Users/nooral-quaiti/.m2/repository/io/opentelemetry/opentelemetry-sdk/1.16.0/opentelemetry-sdk-1.16.0.jar:/Users/nooral-quaiti/.m2/repository/io/opentelemetry/opentelemetry-semconv/1.16.0-alpha/opentelemetry-semconv-1.16.0-alpha.jar:/Users/nooral-quaiti/.m2/repository/io/ous/jtoml/2.0.0/jtoml-2.0.0.jar:/Users/nooral-quaiti/.m2/repository/net/bytebuddy/byte-buddy/1.12.10/byte-buddy-1.12.10.jar:/Users/nooral-quaiti/.m2/repository/org/apache/commons/commons-exec/1.3/commons-exec-1.3.jar:/Users/nooral-quaiti/.m2/repository/org/asynchttpclient/async-http-client/2.12.3/async-http-client-2.12.3.jar:/Users/nooral-quaiti/.m2/repository/org/asynchttpclient/async-http-client-netty-utils/2.12.3/async-http-client-netty-utils-2.12.3.jar:/Users/nooral-quaiti/.m2/repository/io/netty/netty-codec-socks/4.1.60.Final/netty-codec-socks-4.1.60.Final.jar:/Users/nooral-quaiti/.m2/repository/io/netty/netty-handler-proxy/4.1.60.Final/netty-handler-proxy-4.1.60.Final.jar:/Users/nooral-quaiti/.m2/repository/io/netty/netty-transport-native-epoll/4.1.60.Final/netty-transport-native-epoll-4.1.60.Final-linux-x86_64.jar:/Users/nooral-quaiti/.m2/repository/io/netty/netty-transport-native-kqueue/4.1.60.Final/netty-transport-native-kqueue-4.1.60.Final-osx-x86_64.jar:/Users/nooral-quaiti/.m2/repository/org/reactivestreams/reactive-streams/1.0.3/reactive-streams-1.0.3.jar:/Users/nooral-quaiti/.m2/repository/com/typesafe/netty/netty-reactive-streams/2.0.4/netty-reactive-streams-2.0.4.jar:/Users/nooral-quaiti/.m2/repository/com/sun/activation/jakarta.activation/1.2.2/jakarta.activation-1.2.2.jar:/Users/nooral-quaiti/.m2/repository/org/seleniumhq/selenium/selenium-http/4.4.0/selenium-http-4.4.0.jar:/Users/nooral-quaiti/.m2/repository/dev/failsafe/failsafe/3.2.4/failsafe-3.2.4.jar:/Users/nooral-quaiti/.m2/repository/org/seleniumhq/selenium/selenium-safari-driver/4.4.0/selenium-safari-driver-4.4.0.jar:/Users/nooral-quaiti/.m2/repository/org/seleniumhq/selenium/selenium-support/4.4.0/selenium-support-4.4.0.jar:/Users/nooral-quaiti/.m2/repository/io/github/bonigarcia/webdrivermanager/5.3.0/webdrivermanager-5.3.0.jar:/Users/nooral-quaiti/.m2/repository/org/slf4j/slf4j-api/1.7.36/slf4j-api-1.7.36.jar:/Users/nooral-quaiti/.m2/repository/com/google/code/gson/gson/2.9.1/gson-2.9.1.jar:/Users/nooral-quaiti/.m2/repository/com/github/docker-java/docker-java/3.2.13/docker-java-3.2.13.jar:/Users/nooral-quaiti/.m2/repository/com/github/docker-java/docker-java-core/3.2.13/docker-java-core-3.2.13.jar:/Users/nooral-quaiti/.m2/repository/com/github/docker-java/docker-java-api/3.2.13/docker-java-api-3.2.13.jar:/Users/nooral-quaiti/.m2/repository/com/fasterxml/jackson/core/jackson-annotations/2.10.3/jackson-annotations-2.10.3.jar:/Users/nooral-quaiti/.m2/repository/commons-io/commons-io/2.6/commons-io-2.6.jar:/Users/nooral-quaiti/.m2/repository/org/apache/commons/commons-compress/1.21/commons-compress-1.21.jar:/Users/nooral-quaiti/.m2/repository/com/fasterxml/jackson/core/jackson-databind/2.10.3/jackson-databind-2.10.3.jar:/Users/nooral-quaiti/.m2/repository/com/fasterxml/jackson/core/jackson-core/2.10.3/jackson-core-2.10.3.jar:/Users/nooral-quaiti/.m2/repository/org/bouncycastle/bcpkix-jdk15on/1.64/bcpkix-jdk15on-1.64.jar:/Users/nooral-quaiti/.m2/repository/org/bouncycastle/bcprov-jdk15on/1.64/bcprov-jdk15on-1.64.jar:/Users/nooral-quaiti/.m2/repository/org/slf4j/jcl-over-slf4j/1.7.30/jcl-over-slf4j-1.7.30.jar:/Users/nooral-quaiti/.m2/repository/com/github/docker-java/docker-java-transport-httpclient5/3.2.13/docker-java-transport-httpclient5-3.2.13.jar:/Users/nooral-quaiti/.m2/repository/com/github/docker-java/docker-java-transport/3.2.13/docker-java-transport-3.2.13.jar:/Users/nooral-quaiti/.m2/repository/net/java/dev/jna/jna/5.8.0/jna-5.8.0.jar:/Users/nooral-quaiti/.m2/repository/org/brotli/dec/0.1.2/dec-0.1.2.jar:/Users/nooral-quaiti/.m2/repository/org/apache/commons/commons-lang3/3.12.0/commons-lang3-3.12.0.jar:/Users/nooral-quaiti/.m2/repository/org/apache/httpcomponents/client5/httpclient5/5.1.3/httpclient5-5.1.3.jar:/Users/nooral-quaiti/.m2/repository/org/apache/httpcomponents/core5/httpcore5/5.1.3/httpcore5-5.1.3.jar:/Users/nooral-quaiti/.m2/repository/org/apache/httpcomponents/core5/httpcore5-h2/5.1.3/httpcore5-h2-5.1.3.jar:/Users/nooral-quaiti/.m2/repository/commons-codec/commons-codec/1.15/commons-codec-1.15.jar:/Users/nooral-quaiti/.m2/repository/org/testng/testng/7.6.1/testng-7.6.1.jar:/Users/nooral-quaiti/.m2/repository/com/google/code/findbugs/jsr305/3.0.2/jsr305-3.0.2.jar:/Users/nooral-quaiti/.m2/repository/com/beust/jcommander/1.82/jcommander-1.82.jar:/Users/nooral-quaiti/.m2/repository/org/webjars/jquery/3.6.0/jquery-3.6.0.jar:/Users/nooral-quaiti/.m2/repository/io/rest-assured/rest-assured/5.2.0/rest-assured-5.2.0.jar:/Users/nooral-quaiti/.m2/repository/org/apache/groovy/groovy/4.0.1/groovy-4.0.1.jar:/Users/nooral-quaiti/.m2/repository/org/apache/groovy/groovy-xml/4.0.1/groovy-xml-4.0.1.jar:/Users/nooral-quaiti/.m2/repository/org/apache/httpcomponents/httpclient/4.5.13/httpclient-4.5.13.jar:/Users/nooral-quaiti/.m2/repository/org/apache/httpcomponents/httpcore/4.4.13/httpcore-4.4.13.jar:/Users/nooral-quaiti/.m2/repository/commons-logging/commons-logging/1.2/commons-logging-1.2.jar:/Users/nooral-quaiti/.m2/repository/org/apache/httpcomponents/httpmime/4.5.13/httpmime-4.5.13.jar:/Users/nooral-quaiti/.m2/repository/org/hamcrest/hamcrest/2.1/hamcrest-2.1.jar:/Users/nooral-quaiti/.m2/repository/org/ccil/cowan/tagsoup/tagsoup/1.2.1/tagsoup-1.2.1.jar:/Users/nooral-quaiti/.m2/repository/io/rest-assured/json-path/5.2.0/json-path-5.2.0.jar:/Users/nooral-quaiti/.m2/repository/org/apache/groovy/groovy-json/4.0.1/groovy-json-4.0.1.jar:/Users/nooral-quaiti/.m2/repository/io/rest-assured/rest-assured-common/5.2.0/rest-assured-common-5.2.0.jar:/Users/nooral-quaiti/.m2/repository/io/rest-assured/xml-path/5.2.0/xml-path-5.2.0.jar:/Users/nooral-quaiti/.m2/repository/com/github/javafaker/javafaker/1.0.2/javafaker-1.0.2.jar:/Users/nooral-quaiti/.m2/repository/org/yaml/snakeyaml/1.23/snakeyaml-1.23-android.jar:/Users/nooral-quaiti/.m2/repository/com/github/mifmif/generex/1.0.2/generex-1.0.2.jar:/Users/nooral-quaiti/.m2/repository/dk/brics/automaton/automaton/1.11-8/automaton-1.11-8.jar:/Users/nooral-quaiti/.m2/repository/io/qameta/allure/allure-testng/2.19.0/allure-testng-2.19.0.jar:/Users/nooral-quaiti/.m2/repository/io/qameta/allure/allure-java-commons/2.19.0/allure-java-commons-2.19.0.jar:/Users/nooral-quaiti/.m2/repository/io/qameta/allure/allure-model/2.19.0/allure-model-2.19.0.jar:/Users/nooral-quaiti/.m2/repository/io/qameta/allure/allure-test-filter/2.19.0/allure-test-filter-2.19.0.jar:"/>
    <property name="java.vm.vendor" value="Homebrew"/>
    <property name="sun.arch.data.model" value="64"/>
    <property name="java.vendor.url" value="https://github.com/Homebrew/homebrew-core/issues"/>
    <property name="user.timezone" value="Asia/Jakarta"/>
    <property name="os.name" value="Mac OS X"/>
    <property name="java.vm.specification.version" value="19"/>
    <property name="sun.java.launcher" value="SUN_STANDARD"/>
    <property name="user.country" value="MY"/>
    <property name="sun.boot.library.path" value="/opt/homebrew/Cellar/openjdk/19/libexec/openjdk.jdk/Contents/Home/lib"/>
    <property name="sun.java.command" value="/Users/nooral-quaiti/IdeaProjects/ToDoApplication/target/surefire/surefirebooter-20221029230056362_3.jar /Users/nooral-quaiti/IdeaProjects/ToDoApplication/target/surefire 2022-10-29T23-00-56_258-jvmRun1 surefire-20221029230056362_1tmp surefire_0-20221029230056362_2tmp"/>
    <property name="http.nonProxyHosts" value="local|*.local|169.254/16|*.169.254/16"/>
    <property name="jdk.debug" value="release"/>
    <property name="surefire.test.class.path" value="/Users/nooral-quaiti/IdeaProjects/ToDoApplication/target/test-classes:/Users/nooral-quaiti/IdeaProjects/ToDoApplication/target/classes:/Users/nooral-quaiti/.m2/repository/org/seleniumhq/selenium/selenium-java/4.4.0/selenium-java-4.4.0.jar:/Users/nooral-quaiti/.m2/repository/org/seleniumhq/selenium/selenium-api/4.4.0/selenium-api-4.4.0.jar:/Users/nooral-quaiti/.m2/repository/org/seleniumhq/selenium/selenium-chrome-driver/4.4.0/selenium-chrome-driver-4.4.0.jar:/Users/nooral-quaiti/.m2/repository/com/google/auto/service/auto-service-annotations/1.0.1/auto-service-annotations-1.0.1.jar:/Users/nooral-quaiti/.m2/repository/com/google/auto/service/auto-service/1.0.1/auto-service-1.0.1.jar:/Users/nooral-quaiti/.m2/repository/com/google/auto/auto-common/1.2/auto-common-1.2.jar:/Users/nooral-quaiti/.m2/repository/com/google/guava/guava/31.1-jre/guava-31.1-jre.jar:/Users/nooral-quaiti/.m2/repository/com/google/guava/failureaccess/1.0.1/failureaccess-1.0.1.jar:/Users/nooral-quaiti/.m2/repository/com/google/guava/listenablefuture/9999.0-empty-to-avoid-conflict-with-guava/listenablefuture-9999.0-empty-to-avoid-conflict-with-guava.jar:/Users/nooral-quaiti/.m2/repository/org/checkerframework/checker-qual/3.12.0/checker-qual-3.12.0.jar:/Users/nooral-quaiti/.m2/repository/com/google/errorprone/error_prone_annotations/2.11.0/error_prone_annotations-2.11.0.jar:/Users/nooral-quaiti/.m2/repository/com/google/j2objc/j2objc-annotations/1.3/j2objc-annotations-1.3.jar:/Users/nooral-quaiti/.m2/repository/org/seleniumhq/selenium/selenium-chromium-driver/4.4.0/selenium-chromium-driver-4.4.0.jar:/Users/nooral-quaiti/.m2/repository/org/seleniumhq/selenium/selenium-json/4.4.0/selenium-json-4.4.0.jar:/Users/nooral-quaiti/.m2/repository/org/seleniumhq/selenium/selenium-devtools-v102/4.4.0/selenium-devtools-v102-4.4.0.jar:/Users/nooral-quaiti/.m2/repository/org/seleniumhq/selenium/selenium-devtools-v103/4.4.0/selenium-devtools-v103-4.4.0.jar:/Users/nooral-quaiti/.m2/repository/org/seleniumhq/selenium/selenium-devtools-v104/4.4.0/selenium-devtools-v104-4.4.0.jar:/Users/nooral-quaiti/.m2/repository/org/seleniumhq/selenium/selenium-devtools-v85/4.4.0/selenium-devtools-v85-4.4.0.jar:/Users/nooral-quaiti/.m2/repository/org/seleniumhq/selenium/selenium-edge-driver/4.4.0/selenium-edge-driver-4.4.0.jar:/Users/nooral-quaiti/.m2/repository/org/seleniumhq/selenium/selenium-firefox-driver/4.4.0/selenium-firefox-driver-4.4.0.jar:/Users/nooral-quaiti/.m2/repository/org/seleniumhq/selenium/selenium-ie-driver/4.4.0/selenium-ie-driver-4.4.0.jar:/Users/nooral-quaiti/.m2/repository/org/seleniumhq/selenium/selenium-opera-driver/4.4.0/selenium-opera-driver-4.4.0.jar:/Users/nooral-quaiti/.m2/repository/org/seleniumhq/selenium/selenium-remote-driver/4.4.0/selenium-remote-driver-4.4.0.jar:/Users/nooral-quaiti/.m2/repository/io/netty/netty-buffer/4.1.78.Final/netty-buffer-4.1.78.Final.jar:/Users/nooral-quaiti/.m2/repository/io/netty/netty-codec-http/4.1.78.Final/netty-codec-http-4.1.78.Final.jar:/Users/nooral-quaiti/.m2/repository/io/netty/netty-codec/4.1.78.Final/netty-codec-4.1.78.Final.jar:/Users/nooral-quaiti/.m2/repository/io/netty/netty-handler/4.1.78.Final/netty-handler-4.1.78.Final.jar:/Users/nooral-quaiti/.m2/repository/io/netty/netty-common/4.1.78.Final/netty-common-4.1.78.Final.jar:/Users/nooral-quaiti/.m2/repository/io/netty/netty-transport-classes-epoll/4.1.78.Final/netty-transport-classes-epoll-4.1.78.Final.jar:/Users/nooral-quaiti/.m2/repository/io/netty/netty-transport-classes-kqueue/4.1.78.Final/netty-transport-classes-kqueue-4.1.78.Final.jar:/Users/nooral-quaiti/.m2/repository/io/netty/netty-transport-native-epoll/4.1.78.Final/netty-transport-native-epoll-4.1.78.Final.jar:/Users/nooral-quaiti/.m2/repository/io/netty/netty-transport-native-kqueue/4.1.78.Final/netty-transport-native-kqueue-4.1.78.Final.jar:/Users/nooral-quaiti/.m2/repository/io/netty/netty-transport-native-unix-common/4.1.78.Final/netty-transport-native-unix-common-4.1.78.Final.jar:/Users/nooral-quaiti/.m2/repository/io/netty/netty-transport/4.1.78.Final/netty-transport-4.1.78.Final.jar:/Users/nooral-quaiti/.m2/repository/io/netty/netty-resolver/4.1.78.Final/netty-resolver-4.1.78.Final.jar:/Users/nooral-quaiti/.m2/repository/io/opentelemetry/opentelemetry-api/1.16.0/opentelemetry-api-1.16.0.jar:/Users/nooral-quaiti/.m2/repository/io/opentelemetry/opentelemetry-context/1.16.0/opentelemetry-context-1.16.0.jar:/Users/nooral-quaiti/.m2/repository/io/opentelemetry/opentelemetry-exporter-logging/1.16.0/opentelemetry-exporter-logging-1.16.0.jar:/Users/nooral-quaiti/.m2/repository/io/opentelemetry/opentelemetry-sdk-metrics/1.16.0/opentelemetry-sdk-metrics-1.16.0.jar:/Users/nooral-quaiti/.m2/repository/io/opentelemetry/opentelemetry-sdk-logs/1.16.0-alpha/opentelemetry-sdk-logs-1.16.0-alpha.jar:/Users/nooral-quaiti/.m2/repository/io/opentelemetry/opentelemetry-sdk-common/1.16.0/opentelemetry-sdk-common-1.16.0.jar:/Users/nooral-quaiti/.m2/repository/io/opentelemetry/opentelemetry-sdk-extension-autoconfigure-spi/1.16.0/opentelemetry-sdk-extension-autoconfigure-spi-1.16.0.jar:/Users/nooral-quaiti/.m2/repository/io/opentelemetry/opentelemetry-sdk-extension-autoconfigure/1.16.0-alpha/opentelemetry-sdk-extension-autoconfigure-1.16.0-alpha.jar:/Users/nooral-quaiti/.m2/repository/io/opentelemetry/opentelemetry-sdk-trace/1.16.0/opentelemetry-sdk-trace-1.16.0.jar:/Users/nooral-quaiti/.m2/repository/io/opentelemetry/opentelemetry-sdk/1.16.0/opentelemetry-sdk-1.16.0.jar:/Users/nooral-quaiti/.m2/repository/io/opentelemetry/opentelemetry-semconv/1.16.0-alpha/opentelemetry-semconv-1.16.0-alpha.jar:/Users/nooral-quaiti/.m2/repository/io/ous/jtoml/2.0.0/jtoml-2.0.0.jar:/Users/nooral-quaiti/.m2/repository/net/bytebuddy/byte-buddy/1.12.10/byte-buddy-1.12.10.jar:/Users/nooral-quaiti/.m2/repository/org/apache/commons/commons-exec/1.3/commons-exec-1.3.jar:/Users/nooral-quaiti/.m2/repository/org/asynchttpclient/async-http-client/2.12.3/async-http-client-2.12.3.jar:/Users/nooral-quaiti/.m2/repository/org/asynchttpclient/async-http-client-netty-utils/2.12.3/async-http-client-netty-utils-2.12.3.jar:/Users/nooral-quaiti/.m2/repository/io/netty/netty-codec-socks/4.1.60.Final/netty-codec-socks-4.1.60.Final.jar:/Users/nooral-quaiti/.m2/repository/io/netty/netty-handler-proxy/4.1.60.Final/netty-handler-proxy-4.1.60.Final.jar:/Users/nooral-quaiti/.m2/repository/io/netty/netty-transport-native-epoll/4.1.60.Final/netty-transport-native-epoll-4.1.60.Final-linux-x86_64.jar:/Users/nooral-quaiti/.m2/repository/io/netty/netty-transport-native-kqueue/4.1.60.Final/netty-transport-native-kqueue-4.1.60.Final-osx-x86_64.jar:/Users/nooral-quaiti/.m2/repository/org/reactivestreams/reactive-streams/1.0.3/reactive-streams-1.0.3.jar:/Users/nooral-quaiti/.m2/repository/com/typesafe/netty/netty-reactive-streams/2.0.4/netty-reactive-streams-2.0.4.jar:/Users/nooral-quaiti/.m2/repository/com/sun/activation/jakarta.activation/1.2.2/jakarta.activation-1.2.2.jar:/Users/nooral-quaiti/.m2/repository/org/seleniumhq/selenium/selenium-http/4.4.0/selenium-http-4.4.0.jar:/Users/nooral-quaiti/.m2/repository/dev/failsafe/failsafe/3.2.4/failsafe-3.2.4.jar:/Users/nooral-quaiti/.m2/repository/org/seleniumhq/selenium/selenium-safari-driver/4.4.0/selenium-safari-driver-4.4.0.jar:/Users/nooral-quaiti/.m2/repository/org/seleniumhq/selenium/selenium-support/4.4.0/selenium-support-4.4.0.jar:/Users/nooral-quaiti/.m2/repository/io/github/bonigarcia/webdrivermanager/5.3.0/webdrivermanager-5.3.0.jar:/Users/nooral-quaiti/.m2/repository/org/slf4j/slf4j-api/1.7.36/slf4j-api-1.7.36.jar:/Users/nooral-quaiti/.m2/repository/com/google/code/gson/gson/2.9.1/gson-2.9.1.jar:/Users/nooral-quaiti/.m2/repository/com/github/docker-java/docker-java/3.2.13/docker-java-3.2.13.jar:/Users/nooral-quaiti/.m2/repository/com/github/docker-java/docker-java-core/3.2.13/docker-java-core-3.2.13.jar:/Users/nooral-quaiti/.m2/repository/com/github/docker-java/docker-java-api/3.2.13/docker-java-api-3.2.13.jar:/Users/nooral-quaiti/.m2/repository/com/fasterxml/jackson/core/jackson-annotations/2.10.3/jackson-annotations-2.10.3.jar:/Users/nooral-quaiti/.m2/repository/commons-io/commons-io/2.6/commons-io-2.6.jar:/Users/nooral-quaiti/.m2/repository/org/apache/commons/commons-compress/1.21/commons-compress-1.21.jar:/Users/nooral-quaiti/.m2/repository/com/fasterxml/jackson/core/jackson-databind/2.10.3/jackson-databind-2.10.3.jar:/Users/nooral-quaiti/.m2/repository/com/fasterxml/jackson/core/jackson-core/2.10.3/jackson-core-2.10.3.jar:/Users/nooral-quaiti/.m2/repository/org/bouncycastle/bcpkix-jdk15on/1.64/bcpkix-jdk15on-1.64.jar:/Users/nooral-quaiti/.m2/repository/org/bouncycastle/bcprov-jdk15on/1.64/bcprov-jdk15on-1.64.jar:/Users/nooral-quaiti/.m2/repository/org/slf4j/jcl-over-slf4j/1.7.30/jcl-over-slf4j-1.7.30.jar:/Users/nooral-quaiti/.m2/repository/com/github/docker-java/docker-java-transport-httpclient5/3.2.13/docker-java-transport-httpclient5-3.2.13.jar:/Users/nooral-quaiti/.m2/repository/com/github/docker-java/docker-java-transport/3.2.13/docker-java-transport-3.2.13.jar:/Users/nooral-quaiti/.m2/repository/net/java/dev/jna/jna/5.8.0/jna-5.8.0.jar:/Users/nooral-quaiti/.m2/repository/org/brotli/dec/0.1.2/dec-0.1.2.jar:/Users/nooral-quaiti/.m2/repository/org/apache/commons/commons-lang3/3.12.0/commons-lang3-3.12.0.jar:/Users/nooral-quaiti/.m2/repository/org/apache/httpcomponents/client5/httpclient5/5.1.3/httpclient5-5.1.3.jar:/Users/nooral-quaiti/.m2/repository/org/apache/httpcomponents/core5/httpcore5/5.1.3/httpcore5-5.1.3.jar:/Users/nooral-quaiti/.m2/repository/org/apache/httpcomponents/core5/httpcore5-h2/5.1.3/httpcore5-h2-5.1.3.jar:/Users/nooral-quaiti/.m2/repository/commons-codec/commons-codec/1.15/commons-codec-1.15.jar:/Users/nooral-quaiti/.m2/repository/org/testng/testng/7.6.1/testng-7.6.1.jar:/Users/nooral-quaiti/.m2/repository/com/google/code/findbugs/jsr305/3.0.2/jsr305-3.0.2.jar:/Users/nooral-quaiti/.m2/repository/com/beust/jcommander/1.82/jcommander-1.82.jar:/Users/nooral-quaiti/.m2/repository/org/webjars/jquery/3.6.0/jquery-3.6.0.jar:/Users/nooral-quaiti/.m2/repository/io/rest-assured/rest-assured/5.2.0/rest-assured-5.2.0.jar:/Users/nooral-quaiti/.m2/repository/org/apache/groovy/groovy/4.0.1/groovy-4.0.1.jar:/Users/nooral-quaiti/.m2/repository/org/apache/groovy/groovy-xml/4.0.1/groovy-xml-4.0.1.jar:/Users/nooral-quaiti/.m2/repository/org/apache/httpcomponents/httpclient/4.5.13/httpclient-4.5.13.jar:/Users/nooral-quaiti/.m2/repository/org/apache/httpcomponents/httpcore/4.4.13/httpcore-4.4.13.jar:/Users/nooral-quaiti/.m2/repository/commons-logging/commons-logging/1.2/commons-logging-1.2.jar:/Users/nooral-quaiti/.m2/repository/org/apache/httpcomponents/httpmime/4.5.13/httpmime-4.5.13.jar:/Users/nooral-quaiti/.m2/repository/org/hamcrest/hamcrest/2.1/hamcrest-2.1.jar:/Users/nooral-quaiti/.m2/repository/org/ccil/cowan/tagsoup/tagsoup/1.2.1/tagsoup-1.2.1.jar:/Users/nooral-quaiti/.m2/repository/io/rest-assured/json-path/5.2.0/json-path-5.2.0.jar:/Users/nooral-quaiti/.m2/repository/org/apache/groovy/groovy-json/4.0.1/groovy-json-4.0.1.jar:/Users/nooral-quaiti/.m2/repository/io/rest-assured/rest-assured-common/5.2.0/rest-assured-common-5.2.0.jar:/Users/nooral-quaiti/.m2/repository/io/rest-assured/xml-path/5.2.0/xml-path-5.2.0.jar:/Users/nooral-quaiti/.m2/repository/com/github/javafaker/javafaker/1.0.2/javafaker-1.0.2.jar:/Users/nooral-quaiti/.m2/repository/org/yaml/snakeyaml/1.23/snakeyaml-1.23-android.jar:/Users/nooral-quaiti/.m2/repository/com/github/mifmif/generex/1.0.2/generex-1.0.2.jar:/Users/nooral-quaiti/.m2/repository/dk/brics/automaton/automaton/1.11-8/automaton-1.11-8.jar:/Users/nooral-quaiti/.m2/repository/io/qameta/allure/allure-testng/2.19.0/allure-testng-2.19.0.jar:/Users/nooral-quaiti/.m2/repository/io/qameta/allure/allure-java-commons/2.19.0/allure-java-commons-2.19.0.jar:/Users/nooral-quaiti/.m2/repository/io/qameta/allure/allure-model/2.19.0/allure-model-2.19.0.jar:/Users/nooral-quaiti/.m2/repository/io/qameta/allure/allure-test-filter/2.19.0/allure-test-filter-2.19.0.jar:"/>
    <property name="sun.cpu.endian" value="little"/>
    <property name="user.home" value="/Users/nooral-quaiti"/>
    <property name="user.language" value="en"/>
    <property name="java.specification.vendor" value="Oracle Corporation"/>
    <property name="java.version.date" value="2022-09-20"/>
    <property name="java.home" value="/opt/homebrew/Cellar/openjdk/19/libexec/openjdk.jdk/Contents/Home"/>
    <property name="file.separator" value="/"/>
    <property name="basedir" value="/Users/nooral-quaiti/IdeaProjects/ToDoApplication"/>
    <property name="java.vm.compressedOopsMode" value="Zero based"/>
    <property name="line.separator" value="&#10;"/>
    <property name="java.vm.specification.vendor" value="Oracle Corporation"/>
    <property name="java.specification.name" value="Java Platform API Specification"/>
    <property name="apple.awt.application.name" value="ForkedBooter"/>
    <property name="surefire.real.class.path" value="/Users/nooral-quaiti/IdeaProjects/ToDoApplication/target/surefire/surefirebooter-20221029230056362_3.jar"/>
    <property name="sun.management.compiler" value="HotSpot 64-Bit Tiered Compilers"/>
    <property name="ftp.nonProxyHosts" value="local|*.local|169.254/16|*.169.254/16"/>
    <property name="java.runtime.version" value="19"/>
    <property name="user.name" value="nooral-quaiti"/>
    <property name="stdout.encoding" value="US-ASCII"/>
    <property name="path.separator" value=":"/>
    <property name="os.version" value="12.2.1"/>
    <property name="java.runtime.name" value="OpenJDK Runtime Environment"/>
    <property name="file.encoding" value="UTF-8"/>
    <property name="browser" value="CHROME"/>
    <property name="java.vm.name" value="OpenJDK 64-Bit Server VM"/>
    <property name="java.vendor.version" value="Homebrew"/>
    <property name="localRepository" value="/Users/nooral-quaiti/.m2/repository"/>
    <property name="java.vendor.url.bug" value="https://github.com/Homebrew/homebrew-core/issues"/>
    <property name="java.io.tmpdir" value="/var/folders/xs/0pvqcbx14lq6tbvnl7q_w6dr0000gn/T/"/>
    <property name="java.version" value="19"/>
    <property name="user.dir" value="/Users/nooral-quaiti/IdeaProjects/ToDoApplication"/>
    <property name="os.arch" value="aarch64"/>
    <property name="java.vm.specification.name" value="Java Virtual Machine Specification"/>
    <property name="native.encoding" value="US-ASCII"/>
    <property name="java.library.path" value="/Users/nooral-quaiti/Library/Java/Extensions:/Library/Java/Extensions:/Network/Library/Java/Extensions:/System/Library/Java/Extensions:/usr/lib/java:."/>
    <property name="java.vm.info" value="mixed mode, sharing"/>
    <property name="stderr.encoding" value="US-ASCII"/>
    <property name="java.vendor" value="Homebrew"/>
    <property name="java.vm.version" value="19"/>
    <property name="sun.io.unicode.encoding" value="UnicodeBig"/>
    <property name="socksNonProxyHosts" value="local|*.local|169.254/16|*.169.254/16"/>
    <property name="java.class.version" value="63.0"/>
  </properties>
  <testcase name="ShouldBeAbleToLoginWithEmailAndPassword" classname="com.todo.qacart.testcases.LoginTest" time="6.903">
    <system-out><![CDATA[Request method:	POST
Request URI:	https://qacart-todo.herokuapp.com/api/v1/users/register
Proxy:			<none>
Request params:	<none>
Query params:	<none>
Form params:	<none>
Path params:	<none>
Headers:		Accept=*/*
				Content-Type=application/json
Cookies:		<none>
Multiparts:		<none>
Body:
{
    "firstName": "Magan",
    "lastName": "Schimmel",
    "email": "alphonse.abshire@yahoo.com",
    "password": "ddxdbc27s0m554n"
}
Request method:	POST
Request URI:	https://qacart-todo.herokuapp.com/api/v1/users/register
Proxy:			<none>
Request params:	<none>
Query params:	<none>
Form params:	<none>
Path params:	<none>
Headers:		Accept=*/*
				Content-Type=application/json
Cookies:		<none>
Multiparts:		<none>
Body:
{
    "firstName": "Kathyrn",
    "lastName": "Zboncak",
    "email": "forest.hermiston@gmail.com",
    "password": "ns5k52uu8no"
}
HTTP/1.1 201 Created
Server: Cowboy
Connection: keep-alive
X-Powered-By: Express
Access-Control-Allow-Origin: *
Set-Cookie: access_token=eyJhbGciOiJIUzI1NiIsInR5cCI6IkpXVCJ9.eyJpZCI6IjYzNWQ0ZTQwYTMwY2MyMDAxNjY1ZThkYiIsImZpcnN0TmFtZSI6Ik1hZ2FuIiwibGFzdE5hbWUiOiJTY2hpbW1lbCIsImlhdCI6MTY2NzA1OTI2NH0.Jl7l7Jw6jfwnFJ_LXtb1nTYLaKmMDIDVQ2m2AqkiZ_c; Path=/
Set-Cookie: userID=j%3A%22635d4e40a30cc2001665e8db%22; Path=/
Set-Cookie: firstName=Magan; Path=/
Content-Type: application/json; charset=utf-8
Content-Length: 279
Etag: W/"117-1ZHiNq+6rXuGc8MxdKyYaeCaPWQ"
Date: Sat, 29 Oct 2022 16:01:04 GMT
Via: 1.1 vegur

{
    "access_token": "eyJhbGciOiJIUzI1NiIsInR5cCI6IkpXVCJ9.eyJpZCI6IjYzNWQ0ZTQwYTMwY2MyMDAxNjY1ZThkYiIsImZpcnN0TmFtZSI6Ik1hZ2FuIiwibGFzdE5hbWUiOiJTY2hpbW1lbCIsImlhdCI6MTY2NzA1OTI2NH0.Jl7l7Jw6jfwnFJ_LXtb1nTYLaKmMDIDVQ2m2AqkiZ_c",
    "userID": "635d4e40a30cc2001665e8db",
    "firstName": "Magan"
}
HTTP/1.1 201 Created
Server: Cowboy
Connection: keep-alive
X-Powered-By: Express
Access-Control-Allow-Origin: *
Set-Cookie: access_token=eyJhbGciOiJIUzI1NiIsInR5cCI6IkpXVCJ9.eyJpZCI6IjYzNWQ0ZTQxYTMwY2MyMDAxNjY1ZThkZSIsImZpcnN0TmFtZSI6IkthdGh5cm4iLCJsYXN0TmFtZSI6Ilpib25jYWsiLCJpYXQiOjE2NjcwNTkyNjV9.D8fo6UDDbp4Hk2AjxqMeGtIygYLzqoz8JHUffSOP39I; Path=/
Set-Cookie: userID=j%3A%22635d4e41a30cc2001665e8de%22; Path=/
Set-Cookie: firstName=Kathyrn; Path=/
Content-Type: application/json; charset=utf-8
Content-Length: 282
Etag: W/"11a-gh/ZJQiB0Hv7hbB7do3zqiS7z7k"
Date: Sat, 29 Oct 2022 16:01:05 GMT
Via: 1.1 vegur

{
    "access_token": "eyJhbGciOiJIUzI1NiIsInR5cCI6IkpXVCJ9.eyJpZCI6IjYzNWQ0ZTQxYTMwY2MyMDAxNjY1ZThkZSIsImZpcnN0TmFtZSI6IkthdGh5cm4iLCJsYXN0TmFtZSI6Ilpib25jYWsiLCJpYXQiOjE2NjcwNTkyNjV9.D8fo6UDDbp4Hk2AjxqMeGtIygYLzqoz8JHUffSOP39I",
    "userID": "635d4e41a30cc2001665e8de",
    "firstName": "Kathyrn"
}
HTTP/1.1 201 Created
Server: Cowboy
Connection: keep-alive
X-Powered-By: Express
Access-Control-Allow-Origin: *
Content-Type: application/json; charset=utf-8
Content-Length: 161
Etag: W/"a1-GbNKcK4V82Oc5xgKWCzCL9pYN2o"
Date: Sat, 29 Oct 2022 16:01:06 GMT
Via: 1.1 vegur

{
    "isCompleted": false,
    "_id": "635d4e42a30cc2001665e8e0",
    "item": "Learn Selenium",
    "userID": "635d4e41a30cc2001665e8de",
    "createdAt": "2022-10-29T16:01:06.843Z",
    "__v": 0
}
]]></system-out>
    <system-err><![CDATA[SLF4J: Failed to load class "org.slf4j.impl.StaticLoggerBinder".
SLF4J: Defaulting to no-operation (NOP) logger implementation
SLF4J: See http://www.slf4j.org/codes.html#StaticLoggerBinder for further details.
SSSttaatrrtatriitnniggn  gCC hhCrrhoormmoeemDDerrDiirvvieerv re1 r01 601.600.6.0.5.025.425942.949..666111   (((555111117175755355355854844594595c5d553ced32e6423767479b75a9fb0adf5d03d8d2318822a142d4a04-dr04e-frse/fbsr/9abrncha-nhc5head-hs5e/a5d2sc/d49@5{#5629})3 4one 2p6o94r7t7 96b@2af806d9{d3
82O1n2lay4 dl0o-craelf sc/obnrnaenccthi#-ohnesa da5sr/e5 2a469llo}wed9.@
{P#l5e6a9se} )s eone  photrttp s64:0/5/2c
hrOnly locoalm ecdorninveecrt.ico)hnrsomi  uamr.eo ragl/olsoewceudnr.i
tPy- cponoslrite 583dea66
rsaOtnioen ss efeolr  hstutgpgsest:i/o/ncsh roonm ekederyipvienrg . CchhrrolmoemDiruimvo.eorr sgafe.
/cal cosnenceucrtiitony-s arce alloowedn.
Plseasei seed httpes://crhromedartiivoenrs. cfhorro msiuum.ogrgestions ong keepi/ng ChsromeDreicvuerri tsya-fceo.n
siderations for suggestions on keeping ChromeDriver safe.
CChChrroommeeDDrriivveerr w hwaass  ssttararrtteedd  sosuucccceesssmsffeuDlrliyv.e
r uwlalsy .s
tarted successfully.
Oct 29, 2022 11:01:01 PM org.openqa.selenium.remote.ProtocolHandshake createSession
INFO: Detected upstream dialect: W3C
Oct 29, 2022 11:01:01 PM org.openqa.selenium.remote.ProtocolHandshake createSession
INFO: Detected upstream dialect: W3C
Oct 29, 2022 11:01:01 PM org.openqa.selenium.devtools.CdpVersionFinder findNearestMatch
WARNING: Unable to find an exact match for CDP version 106, so returning the closest version found: 104
Oct 29, 2022 11:01:01 PM org.openqa.selenium.devtools.CdpVersionFinder findNearestMatch
WARNING: Unable to find an exact match for CDP version 106, so returning the closest version found: 104
Oct 29, 2022 11:01:01 PM org.openqa.selenium.devtools.CdpVersionFinder findNearestMatch
INFO: Found CDP implementation for version 106 of 104
Oct 29, 2022 11:01:01 PM org.openqa.selenium.devtools.CdpVersionFinder findNearestMatch
INFO: Found CDP implementation for version 106 of 104
Oct 29, 2022 11:01:03 PM org.openqa.selenium.remote.ProtocolHandshake createSession
INFO: Detected upstream dialect: W3C
Oct 29, 2022 11:01:03 PM org.openqa.selenium.devtools.CdpVersionFinder findNearestMatch
WARNING: Unable to find an exact match for CDP version 106, so returning the closest version found: 104
Oct 29, 2022 11:01:03 PM org.openqa.selenium.devtools.CdpVersionFinder findNearestMatch
INFO: Found CDP implementation for version 106 of 104
]]></system-err>
  </testcase>
  <testcase name="ShouldItemBeDelete" classname="com.todo.qacart.testcases.ToDoTest" time="12.701"/>
  <testcase name="ShouldAddNewToDo" classname="com.todo.qacart.testcases.ToDoTest" time="15.374"/>
</testsuite>