<?xml version="1.0" encoding="UTF-8"?>
<!-- Generated by org.testng.reporters.JUnitReportReporter -->
<testsuite hostname="Noors-MacBook-Pro.local" failures="0" tests="2" name="com.todo.qacart.testcases.ToDoTest" time="41.955" errors="0" timestamp="2022-10-29T23:01:19 WIB" skipped="0">
  <testcase classname="com.todo.qacart.testcases.ToDoTest" name="ShouldItemBeDelete" time="17.015"/>
  <system-out/>
  <testcase classname="com.todo.qacart.testcases.ToDoTest" name="ShouldAddNewToDo" time="24.940"/>
  <system-out/>
</testsuite> <!-- com.todo.qacart.testcases.ToDoTest -->
