<?xml version="1.0" encoding="UTF-8"?>
<!-- Generated by org.testng.reporters.JUnitReportReporter -->
<testsuite hostname="Noors-MacBook-Pro.local" failures="0" tests="1" name="com.todo.qacart.testcases.LoginTest" time="13.749" errors="0" timestamp="2022-10-29T23:01:19 WIB" skipped="0">
  <testcase classname="com.todo.qacart.testcases.LoginTest" name="ShouldBeAbleToLoginWithEmailAndPassword" time="13.749"/>
  <system-out/>
</testsuite> <!-- com.todo.qacart.testcases.LoginTest -->
